<?xml version="1.0" encoding="UTF-8"?>
<!-- Generated by org.testng.reporters.JUnitReportReporter -->
<testsuite hostname="Vaibhav" failures="0" tests="2" name="Testng.Axis.DemoTest" time="1.894" errors="0" timestamp="2024-02-26T12:35:51 IST" skipped="0">
  <testcase classname="Testng.Axis.DemoTest" name="configLogin" time="1.839"/>
  <system-out/>
  <testcase classname="Testng.Axis.DemoTest" name="configLogin1" time="0.055"/>
  <system-out/>
</testsuite> <!-- Testng.Axis.DemoTest -->
