<?xml version="1.0" encoding="UTF-8"?>
<!-- Generated by org.testng.reporters.JUnitReportReporter -->
<testsuite hostname="Vaibhav" failures="0" tests="1" name="Testng.Axis.NewTest" time="0.008" errors="0" timestamp="2024-02-26T14:20:49 IST" skipped="0">
  <testcase classname="Testng.Axis.NewTest" name="f" time="0.008"/>
  <system-out/>
</testsuite> <!-- Testng.Axis.NewTest -->
