<?xml version="1.0" encoding="UTF-8"?>
<!-- Generated by org.testng.reporters.JUnitReportReporter -->
<testsuite hostname="Vaibhav" failures="0" tests="3" name="Testng.Axis.Prority" time="0.017" errors="0" timestamp="2024-02-26T14:25:31 IST" skipped="0">
  <testcase classname="Testng.Axis.Prority" name="test1" time="0.012"/>
  <system-out/>
  <testcase classname="Testng.Axis.Prority" name="test3" time="0.003"/>
  <system-out/>
  <testcase classname="Testng.Axis.Prority" name="test2" time="0.002"/>
  <system-out/>
</testsuite> <!-- Testng.Axis.Prority -->
