<?xml version="1.0" encoding="UTF-8"?>
<!-- Generated by org.testng.reporters.JUnitReportReporter -->
<testsuite hostname="Vaibhav" failures="0" tests="1" name="Testng.Axis.listenerTestClass" time="4.565" errors="0" timestamp="2024-02-27T11:45:55 IST" skipped="0">
  <testcase classname="Testng.Axis.listenerTestClass" name="invokechrome" time="4.565"/>
  <system-out/>
</testsuite> <!-- Testng.Axis.listenerTestClass -->
