<?xml version="1.0" encoding="UTF-8"?>
<!-- Generated by org.testng.reporters.JUnitReportReporter -->
<testsuite hostname="Vaibhav" failures="0" tests="3" name="Testng.Axis.Enabledfalse" time="0.014" errors="0" timestamp="2024-02-26T14:23:29 IST" skipped="1">
  <testcase classname="Testng.Axis.Enabledfalse" name="test2" time="0.011"/>
  <system-out/>
  <testcase classname="Testng.Axis.Enabledfalse" name="test3" time="0.003"/>
  <system-out/>
  <testcase classname="Testng.Axis.Enabledfalse" name="test1">
    <skipped/>
  </testcase> <!-- test1 -->
  <system-out/>
</testsuite> <!-- Testng.Axis.Enabledfalse -->
