<?xml version="1.0" encoding="UTF-8"?>
<!-- Generated by org.testng.reporters.JUnitReportReporter -->
<testsuite hostname="Vaibhav" failures="0" tests="6" name="Testng.Axis.Grouping" time="0.010" errors="0" timestamp="2024-02-26T16:14:22 IST" skipped="0">
  <testcase classname="Testng.Axis.Grouping" name="T1" time="0.008"/>
  <system-out/>
  <testcase classname="Testng.Axis.Grouping" name="T6" time="0.001"/>
  <system-out/>
  <testcase classname="Testng.Axis.Grouping" name="T5" time="0.000"/>
  <system-out/>
  <testcase classname="Testng.Axis.Grouping" name="T4" time="0.000"/>
  <system-out/>
  <testcase classname="Testng.Axis.Grouping" name="T3" time="0.001"/>
  <system-out/>
  <testcase classname="Testng.Axis.Grouping" name="T2" time="0.000"/>
  <system-out/>
</testsuite> <!-- Testng.Axis.Grouping -->
