<?xml version="1.0" encoding="UTF-8"?>
<!-- Generated by org.testng.reporters.JUnitReportReporter -->
<testsuite hostname="Vaibhav" failures="0" tests="3" name="Testng.Axis.Dependonmethod" time="0.017" errors="0" timestamp="2024-02-26T14:36:48 IST" skipped="0">
  <testcase classname="Testng.Axis.Dependonmethod" name="test3" time="0.003"/>
  <system-out/>
  <testcase classname="Testng.Axis.Dependonmethod" name="test2" time="0.001"/>
  <system-out/>
  <testcase classname="Testng.Axis.Dependonmethod" name="test1" time="0.013"/>
  <system-out/>
</testsuite> <!-- Testng.Axis.Dependonmethod -->
