<?xml version="1.0" encoding="UTF-8"?>
<!-- Generated by org.testng.reporters.JUnitReportReporter -->
<testsuite hostname="Vaibhav" failures="0" tests="1" name="Testng.Axis.Softassert" time="8.271" errors="0" timestamp="2024-02-26T16:14:52 IST" skipped="0">
  <testcase classname="Testng.Axis.Softassert" name="testofassert" time="8.271"/>
  <system-out/>
</testsuite> <!-- Testng.Axis.Softassert -->
